<?xml version="1.0" encoding="UTF-8"?>
<!-- Generated by org.testng.reporters.JUnitXMLReporter -->
<testsuite hostname="Harmeet-PC" ignored="0" name="Test" tests="7" failures="2" timestamp="24 Jan 2020 11:11:03 GMT" time="28.371" errors="0">
  <testcase name="ArrayMulti" time="0.021" classname="com.TestNGListeners.ListnerDemo">
    <failure type="java.lang.ArrayIndexOutOfBoundsException" message="2">
      <![CDATA[java.lang.ArrayIndexOutOfBoundsException: 2
at com.TestNGListeners.ListnerDemo.ArrayMulti(ListnerDemo.java:56)
... Removed 25 stack frames]]>
    </failure>
  </testcase> <!-- ArrayMulti -->
  <testcase name="test1" time="0.017" classname="com.TestNGListeners.ListnerDemo"/>
  <testcase name="test2" time="15.041" classname="com.TestNGListeners.ListnerDemo"/>
  <testcase name="test3" time="0.007" classname="com.TestNGListeners.ListnerDemo">
    <skipped/>
  </testcase> <!-- test3 -->
  <testcase name="test6" time="1.778" classname="com.TestNGListeners.ListnerWaitElement">
    <failure type="org.openqa.selenium.WebDriverException" message="Selenium jar versions 2.44.0 and above are not supported for opera browsers. (WARNING: The server did not provide any stacktrace information)
Command duration or timeout: 1.61 seconds
Build info: version: &amp;apos;3.141.59&amp;apos;, revision: &amp;apos;e82be7d358&amp;apos;, time: &amp;apos;2018-11-14T08:25:48&amp;apos;
System info: host: &amp;apos;HARMEET-PC&amp;apos;, ip: &amp;apos;10.0.75.1&amp;apos;, os.name: &amp;apos;Windows 10&amp;apos;, os.arch: &amp;apos;amd64&amp;apos;, os.version: &amp;apos;10.0&amp;apos;, java.version: &amp;apos;1.8.0_201&amp;apos;
Driver info: driver.version: RemoteWebDriver">
      <![CDATA[org.openqa.selenium.WebDriverException: Selenium jar versions 2.44.0 and above are not supported for opera browsers. (WARNING: The server did not provide any stacktrace information)
Command duration or timeout: 1.61 seconds
Build info: version: '3.141.59', revision: 'e82be7d358', time: '2018-11-14T08:25:48'
System info: host: 'HARMEET-PC', ip: '10.0.75.1', os.name: 'Windows 10', os.arch: 'amd64', os.version: '10.0', java.version: '1.8.0_201'
Driver info: driver.version: RemoteWebDriver
at org.openqa.selenium.remote.ErrorHandler.createThrowable(ErrorHandler.java:214)
at org.openqa.selenium.remote.ErrorHandler.throwIfResponseFailed(ErrorHandler.java:166)
at org.openqa.selenium.remote.JsonWireProtocolResponse.lambda$errorHandler$0(JsonWireProtocolResponse.java:54)
at org.openqa.selenium.remote.HandshakeResponse.lambda$getResponseFunction$0(HandshakeResponse.java:30)
at org.openqa.selenium.remote.ProtocolHandshake.lambda$createSession$0(ProtocolHandshake.java:126)
at java.util.stream.ReferencePipeline$3$1.accept(Unknown Source)
at java.util.Spliterators$ArraySpliterator.tryAdvance(Unknown Source)
at java.util.stream.ReferencePipeline.forEachWithCancel(Unknown Source)
at java.util.stream.AbstractPipeline.copyIntoWithCancel(Unknown Source)
at java.util.stream.AbstractPipeline.copyInto(Unknown Source)
at java.util.stream.AbstractPipeline.wrapAndCopyInto(Unknown Source)
at java.util.stream.FindOps$FindOp.evaluateSequential(Unknown Source)
at java.util.stream.AbstractPipeline.evaluate(Unknown Source)
at java.util.stream.ReferencePipeline.findFirst(Unknown Source)
at org.openqa.selenium.remote.ProtocolHandshake.createSession(ProtocolHandshake.java:128)
at org.openqa.selenium.remote.ProtocolHandshake.createSession(ProtocolHandshake.java:74)
at org.openqa.selenium.remote.HttpCommandExecutor.execute(HttpCommandExecutor.java:136)
at org.openqa.selenium.remote.RemoteWebDriver.execute(RemoteWebDriver.java:552)
at org.openqa.selenium.remote.RemoteWebDriver.startSession(RemoteWebDriver.java:213)
at org.openqa.selenium.remote.RemoteWebDriver.<init>(RemoteWebDriver.java:131)
at org.openqa.selenium.remote.RemoteWebDriver.<init>(RemoteWebDriver.java:144)
at com.TestNGListeners.ListnerWaitElement.test6(ListnerWaitElement.java:42)
... Removed 29 stack frames]]>
    </failure>
  </testcase> <!-- test6 -->
  <testcase name="test7" time="11.308" classname="com.TestNGListeners.ListnerWaitElement"/>
  <testcase name="test9" time="0.016" classname="com.TestNGListeners.ListnerWaitElement">
    <skipped/>
  </testcase> <!-- test9 -->
</testsuite> <!-- Test -->
