<?xml version="1.0" encoding="UTF-8"?>
<!-- Generated by org.testng.reporters.JUnitXMLReporter -->
<testsuite hostname="Harmeet-PC" ignored="0" tests="0" failures="0" timestamp="06 Mar 2020 19:56:49 GMT" time="0.046" errors="0">
  <testcase name="@BeforeTest setup" time="0.0" classname="net.IdeTest.TestNGMultipleBrowsers">
    <failure type="org.testng.TestNGException" message="
Parameter &amp;apos;browserName&amp;apos; is required by BeforeTest on method setup but has not been marked @Optional or defined
in E:\git\SeleniumJava\SeleniumFramework\testngMultiBrowser.xml">
      <![CDATA[org.testng.TestNGException: 
Parameter 'browserName' is required by BeforeTest on method setup but has not been marked @Optional or defined
in E:\git\SeleniumJava\SeleniumFramework\testngMultiBrowser.xml
... Removed 21 stack frames]]>
    </failure>
  </testcase> <!-- @BeforeTest setup -->
  <testcase name="@AfterTest teardown" time="0.0" classname="net.IdeTest.TestNGMultipleBrowsers">
    <skipped/>
  </testcase> <!-- @AfterTest teardown -->
</testsuite>
