<?xml version="1.0" encoding="UTF-8"?>
<!-- Generated by org.testng.reporters.JUnitXMLReporter -->
<testsuite hostname="Harmeet-PC" ignored="0" name="Test(failed)" tests="1" failures="1" timestamp="12 Sep 2019 11:50:51 GMT" time="0.079" errors="0">
  <testcase name="test" time="0.0" classname="net.IdeTest.TestNGParameter">
    <failure type="org.testng.TestNGException" message="
Parameter &amp;apos;ReleaseNumber&amp;apos; is required by @Test on method test but has not been marked @Optional or defined
in E:\selenium\test-output\testng-failed.xml">
      <![CDATA[org.testng.TestNGException: 
Parameter 'ReleaseNumber' is required by @Test on method test but has not been marked @Optional or defined
in E:\selenium\test-output\testng-failed.xml
... Removed 24 stack frames]]>
    </failure>
  </testcase> <!-- test -->
</testsuite> <!-- Test(failed) -->
